T0DFC 7238:347.240   SEGGER J-Link V7.52a Log File
T0DFC 7238:347.322   DLL Compiled: Jul 28 2021 11:08:12
T0DFC 7238:347.346   Logging started @ 2023-03-28 14:19
T0DFC 7238:347.367 - 50.911ms
T0DFC 7238:347.396 JLINK_ExecCommand("device = ATSAMD21G18A", ...). 
T0DFC 7238:347.551   Device "ATSAMD21G18" selected.
T0DFC 7238:347.911 - 0.508ms returns 0x00
T0DFC 7238:347.943 JLINK_GetHWStatus(...)
T0DFC 7238:348.226 - 0.297ms returns 0
T0DFC 7238:348.253 JLINK_ClrRESET()
T0DFC 7238:348.658 - 0.425ms
T0DFC 7238:353.990 JLINK_SetRESET()
T0DFC 7238:354.146 - 0.170ms
T0DFC 7238:360.259 JLINK_ClrRESET()
T0DFC 7238:360.757 - 0.523ms
T0DFC 7238:366.698 JLINK_ClrTCK()
T0DFC 7238:366.869 - 0.189ms returns 0
T0DFC 7238:372.055 JLINK_SetRESET()
T0DFC 7238:372.771 - 0.726ms
T0DFC 7238:377.812 JLINK_Clock()
T0DFC 7238:378.083 - 0.310ms returns 0
T0DFC 7238:384.718 JLINK_TIF_Select(JLINKARM_TIF_SWD)
T0DFC 7238:385.490 - 0.783ms returns 0x00
T0DFC 7238:385.509 JLINK_SetSpeed(50)
T0DFC 7238:385.672 - 0.172ms
T0DFC 7238:385.689 JLINK_CORESIGHT_Configure()
T0DFC 7238:393.947 - 8.289ms returns 0
T0DFC 7238:394.048 JLINK_CORESIGHT_WriteAPDPReg(DP reg 0x02, 0x00000000)
T0DFC 7238:395.170 - 1.134ms returns 0
T0DFC 7238:395.190 JLINK_CORESIGHT_WriteAPDPReg(AP reg 0x00, 0x23000040)
T0DFC 7238:396.309 - 1.129ms returns 0
T0DFC 7238:396.327 JLINK_CORESIGHT_WriteAPDPReg(AP reg 0x01, 0x41002101)
T0DFC 7238:397.445 - 1.132ms returns 0
T0DFC 7238:397.469 JLINK_CORESIGHT_ReadAPDPReg(AP reg 0x03)
T0DFC 7238:399.568   Value=0x00120000
T0DFC 7238:399.593 - 2.128ms returns 0
T0DFC 7238:399.659 JLINK_Halt()
T0DFC 7238:399.982   InitTarget() start
T0DFC 7238:399.997    J-Link Script File: Executing InitTarget()
T0DFC 7238:400.014   InitTarget()
T0DFC 7238:417.400   InitTarget() end
T0DFC 7238:423.226   Found SW-DP with ID 0x0BC11477
T0DFC 7238:441.872   DPIDR: 0x0BC11477
T0DFC 7238:441.905   Scanning AP map to find all available APs
T0DFC 7238:448.203   AP[1]: Stopped AP scan as end of AP map has been reached
T0DFC 7238:448.239   AP[0]: AHB-AP (IDR: 0x04770031)
T0DFC 7238:448.254   Iterating through AP map to find AHB-AP to use
T0DFC 7238:458.270   AP[0]: Core found
T0DFC 7238:458.300   AP[0]: AHB-AP ROM base: 0x41003000
T0DFC 7238:463.324   CPUID register: 0x410CC601. Implementer code: 0x41 (ARM)
T0DFC 7238:463.354   Found Cortex-M0 r0p1, Little endian.
T0DFC 7238:565.328   -- Max. mem block: 0x0002FB90
T0DFC 7238:565.611   CPU_ReadMem(4 bytes @ 0xE000EDF0)
T0DFC 7238:571.473   CPU_WriteMem(4 bytes @ 0xE000EDF0)
T0DFC 7238:577.553   CPU_ReadMem(4 bytes @ 0xE0002000)
T0DFC 7238:583.538   FPUnit: 4 code (BP) slots and 0 literal slots
T0DFC 7238:583.554   CPU_ReadMem(4 bytes @ 0xE000EDFC)
T0DFC 7238:589.478   CPU_WriteMem(4 bytes @ 0xE000EDFC)
T0DFC 7238:595.596   CPU_ReadMem(4 bytes @ 0xE0001000)
T0DFC 7238:601.533   CPU_WriteMem(4 bytes @ 0xE0001000)
T0DFC 7238:607.703   CoreSight components:
T0DFC 7238:607.743   ROMTbl[0] @ 41003000
T0DFC 7238:607.753   CPU_ReadMem(64 bytes @ 0x41003000)
T0DFC 7238:627.687   CPU_ReadMem(32 bytes @ 0xE00FFFE0)
T0DFC 7238:640.533   ROMTbl[0][0]: E00FF000, CID: B105100D, PID: 000BB4C0 ROM Table
T0DFC 7238:640.597   ROMTbl[1] @ E00FF000
T0DFC 7238:640.619   CPU_ReadMem(64 bytes @ 0xE00FF000)
T0DFC 7238:660.432   CPU_ReadMem(32 bytes @ 0xE000EFE0)
T0DFC 7238:673.086   ROMTbl[1][0]: E000E000, CID: B105E00D, PID: 000BB008 SCS
T0DFC 7238:673.136   CPU_ReadMem(32 bytes @ 0xE0001FE0)
T0DFC 7238:686.057   ROMTbl[1][1]: E0001000, CID: B105E00D, PID: 000BB00A DWT
T0DFC 7238:686.115   CPU_ReadMem(32 bytes @ 0xE0002FE0)
T0DFC 7238:699.095   ROMTbl[1][2]: E0002000, CID: B105E00D, PID: 000BB00B FPB
T0DFC 7238:699.156   CPU_ReadMem(32 bytes @ 0x41006FE0)
T0DFC 7238:712.048   ROMTbl[0][1]: 41006000, CID: B105900D, PID: 001BB932 MTB-M0+
T0DFC 7238:812.998 - 413.391ms returns 0x00
T0DFC 7238:813.094 JLINK_EraseChip()
T0DFC 7238:813.759   CPU_ReadMem(4 bytes @ 0x41006004)
T0DFC 7238:819.913   CPU_ReadMem(4 bytes @ 0xE000ED90)
T0DFC 7238:826.115    -- --------------------------------------
T0DFC 7238:826.275    -- Start of determining dirty areas
T0DFC 7238:826.480    -- End of determining dirty areas
T0DFC 7238:826.516    -- Start of preparing flash programming
T0DFC 7238:826.543    -- Calculating RAM usage
T0DFC 7238:826.583    -- RAM usage = 10020 Bytes
T0DFC 7238:826.607    -- Preserving CPU registers
T0DFC 7238:826.662    -- Preparing memory
T0DFC 7238:826.690    -- Preparing target
T0DFC 7238:826.711    -- Downloading RAMCode
T0DFC 7239:517.746    -- Preparing RAMCode
T0DFC 7239:682.185    -- Checking target RAM
T0DFC 7239:752.538    -- End of preparing flash programming
T0DFC 7239:753.176   Looking for J-Link GUI Server exe at: C:\Program Files (x86)\Atmel\Studio\7.0\atbackend\JLinkGUIServer.exe
T0DFC 7239:753.482   Looking for J-Link GUI Server exe at: C:\Program Files (x86)\SEGGER\JLink\JLinkGUIServer.exe
T0DFC 7239:753.628   Forking J-Link GUI Server: C:\Program Files (x86)\SEGGER\JLink\JLinkGUIServer.exe
T0DFC 7239:766.229   J-Link GUI Server info: "J-Link GUI server V7.84d "
T0DFC 7239:774.132    -- CPU speed could not be measured.
T0DFC 7239:774.222    -- Start of erasing sectors
T0DFC 7239:774.267    -- Erasing range 0x00000000 - 0x00007FFF (128 Sectors, 32 KB)
T0DFC 7239:942.493    -- Erasing range 0x00008000 - 0x0000FFFF (128 Sectors, 32 KB)
T0DFC 7240:089.709    -- Erasing range 0x00010000 - 0x00017FFF (128 Sectors, 32 KB)
T0DFC 7240:239.832    -- Erasing range 0x00018000 - 0x0001FFFF (128 Sectors, 32 KB)
T0DFC 7240:385.150    -- Erasing range 0x00020000 - 0x00027FFF (128 Sectors, 32 KB)
T0DFC 7240:531.523    -- Erasing range 0x00028000 - 0x0002FFFF (128 Sectors, 32 KB)
T0DFC 7240:680.744    -- Erasing range 0x00030000 - 0x00037FFF (128 Sectors, 32 KB)
T0DFC 7240:825.941    -- Erasing range 0x00038000 - 0x0003FFFF (128 Sectors, 32 KB)
T0DFC 7240:976.355    -- End of erasing sectors
T0DFC 7240:976.489    -- Start of restoring
T0DFC 7240:976.560    -- Restoring RAMCode
T0DFC 7241:106.529    -- Restore target
T0DFC 7241:106.632    -- Restore memory
T0DFC 7241:106.674    -- Restoring CPU registers
T0DFC 7241:106.762    -- End of restoring
T0DFC 7241:106.994    -- Total time needed: 2.280s (Prepare: 0.947s, Compare: 0.000s, Erase: 1.202s, Program: 0.000s, Verify: 0.000s, Restore: 0.130s)
T0DFC 7241:128.917    -- --------------------------------------
T0DFC 7241:128.955    -- Start of determining dirty areas
T0DFC 7241:128.974    -- End of determining dirty areas
T0DFC 7241:128.985    -- Start of preparing flash programming
T0DFC 7241:128.995    -- Calculating RAM usage
T0DFC 7241:129.013    -- RAM usage = 2852 Bytes
T0DFC 7241:129.023    -- Preserving CPU registers
T0DFC 7241:129.048    -- Preparing memory
T0DFC 7241:129.060    -- Preparing target
T0DFC 7241:129.072    -- Downloading RAMCode
T0DFC 7241:777.296    -- Preparing RAMCode
T0DFC 7241:999.771    -- Checking target RAM
T0DFC 7242:034.109    -- End of preparing flash programming
T0DFC 7242:039.873    -- CPU speed could not be measured.
T0DFC 7242:039.933    -- Start of erasing sectors
T0DFC 7242:039.961    -- Erasing range 0x00804000 - 0x008040FF (  1 Sector, 256 Bytes)
T0DFC 7242:089.755    -- End of erasing sectors
T0DFC 7242:089.788    -- Start of restoring
T0DFC 7242:089.800    -- Restoring RAMCode
T0DFC 7242:216.440    -- Restore target
T0DFC 7242:216.559    -- Restore memory
T0DFC 7242:216.597    -- Restoring CPU registers
T0DFC 7242:216.671    -- End of restoring
T0DFC 7242:216.846    -- Total time needed: 1.087s (Prepare: 0.910s, Compare: 0.000s, Erase: 0.049s, Program: 0.000s, Verify: 0.000s, Restore: 0.126s)
T0DFC 7242:229.763 - 3416.691ms returns 0
T0DFC 7242:243.247 JLINK_ExecCommand("Device = ATSAMD21G18A", ...). 
T0DFC 7242:243.379   Device "ATSAMD21G18" selected.
T0DFC 7242:243.893 - 0.638ms returns 0x00
T0DFC 7242:243.915 JLINK_TIF_Select(JLINKARM_TIF_SWD)
T0DFC 7242:243.925 - 0.013ms returns 0x00
T0DFC 7242:243.936 JLINK_SetSpeed(4000)
T0DFC 7242:244.086 - 0.159ms
T0DFC 7242:244.105 JLINK_ResetPullsRESET(OFF)
T0DFC 7242:244.114 - 0.012ms
T0DFC 7242:244.122 JLINK_Connect()
T0DFC 7242:244.449   InitTarget() start
T0DFC 7242:244.471    J-Link Script File: Executing InitTarget()
T0DFC 7242:244.511   InitTarget()
T0DFC 7242:246.081   InitTarget() end
T0DFC 7242:246.833   Found SW-DP with ID 0x0BC11477
T0DFC 7242:248.520   DPIDR: 0x0BC11477
T0DFC 7242:248.545   AP map detection skipped. Manually configured AP map found.
T0DFC 7242:248.560   AP[0]: AHB-AP (IDR: Not set)
T0DFC 7242:249.080   AP[0]: Core found
T0DFC 7242:249.098   AP[0]: AHB-AP ROM base: 0x41003000
T0DFC 7242:249.332   CPUID register: 0x410CC601. Implementer code: 0x41 (ARM)
T0DFC 7242:249.351   Found Cortex-M0 r0p1, Little endian.
T0DFC 7242:350.898   -- Max. mem block: 0x0002F520
T0DFC 7242:350.960   CPU_ReadMem(4 bytes @ 0xE000EDF0)
T0DFC 7242:351.441   CPU_ReadMem(4 bytes @ 0xE0002000)
T0DFC 7242:352.071   FPUnit: 4 code (BP) slots and 0 literal slots
T0DFC 7242:352.115   CPU_ReadMem(4 bytes @ 0xE000EDFC)
T0DFC 7242:352.554   CPU_ReadMem(4 bytes @ 0xE0001000)
T0DFC 7242:353.100   CoreSight components:
T0DFC 7242:353.157   ROMTbl[0] @ 41003000
T0DFC 7242:353.183   CPU_ReadMem(64 bytes @ 0x41003000)
T0DFC 7242:353.958   CPU_ReadMem(32 bytes @ 0xE00FFFE0)
T0DFC 7242:354.683   ROMTbl[0][0]: E00FF000, CID: B105100D, PID: 000BB4C0 ROM Table
T0DFC 7242:354.739   ROMTbl[1] @ E00FF000
T0DFC 7242:354.765   CPU_ReadMem(64 bytes @ 0xE00FF000)
T0DFC 7242:355.563   CPU_ReadMem(32 bytes @ 0xE000EFE0)
T0DFC 7242:356.264   ROMTbl[1][0]: E000E000, CID: B105E00D, PID: 000BB008 SCS
T0DFC 7242:356.303   CPU_WriteMem(4 bytes @ 0xE0001000)
T0DFC 7242:356.779   CPU_ReadMem(32 bytes @ 0xE0001FE0)
T0DFC 7242:357.490   ROMTbl[1][1]: E0001000, CID: B105E00D, PID: 000BB00A DWT
T0DFC 7242:357.531   CPU_ReadMem(32 bytes @ 0xE0002FE0)
T0DFC 7242:358.176   ROMTbl[1][2]: E0002000, CID: B105E00D, PID: 000BB00B FPB
T0DFC 7242:358.215   CPU_ReadMem(32 bytes @ 0x41006FE0)
T0DFC 7242:358.903   ROMTbl[0][1]: 41006000, CID: B105900D, PID: 001BB932 MTB-M0+
T0DFC 7242:358.945 - 114.832ms returns 0x00
T0DFC 7242:359.103 JLINK_Halt()
T0DFC 7242:359.594 - 0.514ms returns 0x00
T0DFC 7242:360.883 JLINK_JTAG_GetDeviceID(DeviceIndex = 0)
T0DFC 7242:360.904 - 0.026ms returns 0
T0DFC 7242:360.917 JLINK_ReadMemU32(0x41002018, 0x1 Items)
T0DFC 7242:360.942   CPU_ReadMem(4 bytes @ 0x41002018)
T0DFC 7242:361.214   Data:  05 03 01 10
T0DFC 7242:361.226 - 0.312ms returns 1 (0x1)
T0DFC 7242:370.019 JLINK_BeginDownload(Flags = 0x00000000)
T0DFC 7242:370.042 - 0.028ms
T0DFC 7242:370.073 JLINK_WriteMem(0x00000000, 0x40 Bytes, ...)
T0DFC 7242:370.086   Data:  00 7C 00 20 0D 06 00 00 FD 05 00 00 01 06 00 00 ...
T0DFC 7242:370.368   completely In flash
T0DFC 7242:370.381    -- Read from flash cache (64 bytes @ 0x00000000)
T0DFC 7242:370.391 - 0.321ms returns 0x40
T2EDC 7242:370.419 JLINK_IsHalted()
T2EDC 7242:370.440 - 0.025ms returns TRUE
T2EDC 7242:370.452 JLINK_GetMOEs(...)
T2EDC 7242:370.467   CPU_ReadMem(4 bytes @ 0xE000ED30)
T2EDC 7242:370.813 - 0.374ms returns 0x01
T2EDC 7242:370.851 JLINK_ReadReg(R15 (PC))
T2EDC 7242:371.106   CPU_ReadMem(4 bytes @ 0x41006004)
T2EDC 7242:371.464   CPU_ReadMem(4 bytes @ 0xE000ED90)
T2EDC 7242:371.900    -- --------------------------------------
T2EDC 7242:371.936   Flash bank @ 0x00000000: Default: L2 verify disabled because algorithm performs L1 verify
T2EDC 7242:371.945    -- Start of determining dirty areas in flash cache
T2EDC 7242:371.960   CPU_ReadMem(256 bytes @ 0x00000000)
T2EDC 7242:373.648    -- Updating C cache (256 bytes @ 0x00000000)
T2EDC 7242:373.665    -- Read from C cache (256 bytes @ 0x00000000)
T2EDC 7242:373.675    -- Updating flash cache (256 bytes @ 0x00000000)
T2EDC 7242:373.769    -- End of determining dirty areas
T2EDC 7242:373.779    -- Start of preparing flash programming
T2EDC 7242:373.789    -- Calculating RAM usage
T2EDC 7242:373.804    -- RAM usage = 2852 Bytes
T2EDC 7242:373.813    -- Preserving CPU registers
T2EDC 7242:373.834    -- Preparing memory
T2EDC 7242:373.843    -- Preparing target
T2EDC 7242:373.853    -- Preserving target RAM temporarily used for programming
T2EDC 7242:388.248    -- Downloading RAMCode
T2EDC 7242:404.145    -- Preparing RAMCode
T2EDC 7242:410.918    -- Checking target RAM
T2EDC 7242:417.773    -- End of preparing flash programming
T2EDC 7242:420.116    -- CPU speed could not be measured.
T2EDC 7242:420.136    -- Start of comparing flash
T2EDC 7242:420.146    -- CRC check was estimated as fastest method
T2EDC 7242:435.529    -- Comparing range 0x0000 - 0x00FF (1 Sector, 256 Bytes), using multi-block CRC calculation
T2EDC 7242:440.257    -- CRC does not match for sector 0
T2EDC 7242:440.296    -- End of comparing flash
T2EDC 7242:440.306    -- Start of erasing sectors
T2EDC 7242:440.314    -- End of erasing sectors
T2EDC 7242:440.322    -- Start of flash programming
T2EDC 7242:440.332    -- Programming range 0x00000000 - 0x000000FF (  1 Sector, 256 Bytes)
T2EDC 7242:440.680    -- End of flash programming
T2EDC 7242:440.703    -- 0x0000 - 0x00FF (  1 Sector, 256 Bytes)
T2EDC 7242:440.717    -- Start of restoring
T2EDC 7242:440.732    -- Restoring RAMCode
T2EDC 7242:451.784    -- Restoring target memory
T2EDC 7242:466.154    -- Restore target
T2EDC 7242:466.191    -- Restore memory
T2EDC 7242:466.200    -- Restoring CPU registers
T2EDC 7242:466.222    -- End of restoring
T2EDC 7242:466.424    -- Bank 0 @ 0x00000000: 1 range affected (256 bytes)
T2EDC 7242:466.452    -- Total: 0.092s (Prepare: 0.046s, Compare: 0.020s, Erase: 0.000s, Program & Verify: 0.007s, Restore: 0.018s)
T2EDC 7242:466.469    -- Program & Verify speed: 35 KiB/s
T2EDC 7242:470.884 - 100.058ms returns 0x000006B8
T0DFC 7242:470.936 JLINK_WriteMem(0x00000040, 0x1D00 Bytes, ...)
T0DFC 7242:470.952   Data:  10 B5 06 4C 23 78 00 2B 07 D1 05 4B 00 2B 02 D0 ...
T0DFC 7242:470.975   completely In flash
T0DFC 7242:470.996    -- Read from flash cache (7424 bytes @ 0x00000040)
T0DFC 7242:471.005 - 0.072ms returns 0x1D00
T0DFC 7242:471.263 JLINK_WriteMem(0x00001D40, 0x54 Bytes, ...)
T0DFC 7242:471.315   Data:  09 02 43 00 02 01 00 80 32 09 04 00 00 01 02 02 ...
T0DFC 7242:471.358   completely In flash
T0DFC 7242:471.372    -- Read from flash cache (84 bytes @ 0x00001D40)
T0DFC 7242:471.383 - 0.123ms returns 0x54
T0DFC 7242:474.877 JLINK_EndDownload()
T0DFC 7242:475.116   CPU_ReadMem(4 bytes @ 0x41006004)
T0DFC 7242:475.499   CPU_ReadMem(4 bytes @ 0xE000ED90)
T0DFC 7242:475.828    -- --------------------------------------
T0DFC 7242:475.841   Flash bank @ 0x00000000: Default: L2 verify disabled because algorithm performs L1 verify
T0DFC 7242:475.849    -- Start of determining dirty areas in flash cache
T0DFC 7242:475.919    -- End of determining dirty areas
T0DFC 7242:475.927    -- Start of preparing flash programming
T0DFC 7242:475.936    -- Calculating RAM usage
T0DFC 7242:475.967    -- RAM usage = 2852 Bytes
T0DFC 7242:475.975    -- Preserving CPU registers
T0DFC 7242:475.993    -- Preparing memory
T0DFC 7242:476.002    -- Preparing target
T0DFC 7242:476.010    -- Preserving target RAM temporarily used for programming
T0DFC 7242:490.295    -- Downloading RAMCode
T0DFC 7242:505.888    -- Preparing RAMCode
T0DFC 7242:511.567    -- End of preparing flash programming
T0DFC 7242:515.084    -- CPU speed could not be measured.
T0DFC 7242:515.116    -- Start of comparing flash
T0DFC 7242:515.125    -- CRC check was estimated as fastest method
T0DFC 7242:532.313    -- Comparing range 0x0000 - 0x1DFF (30 Sectors, 7 KiB), using multi-block CRC calculation
T0DFC 7242:556.230    -- CRC does not match for sectors 0-29
T0DFC 7242:556.257    -- End of comparing flash
T0DFC 7242:556.265    -- Start of erasing sectors
T0DFC 7242:556.275    -- Erasing range 0x00000000 - 0x000000FF (  1 Sector, 256 Bytes)
T0DFC 7242:560.253    -- End of erasing sectors
T0DFC 7242:560.279    -- Start of flash programming
T0DFC 7242:560.289    -- Programming range 0x00000000 - 0x00001DFF ( 30 Sectors, 7 KB)
T0DFC 7242:656.783    -- End of flash programming
T0DFC 7242:656.810    -- 0x0000 - 0x1DFF ( 30 Sectors, 7 KoB)
T0DFC 7242:656.821    -- Start of restoring
T0DFC 7242:656.877    -- Restoring RAMCode
T0DFC 7242:673.897    -- Restoring target memory
T0DFC 7242:688.345    -- Restore target
T0DFC 7242:688.375    -- Restore memory
T0DFC 7242:688.386    -- Restoring CPU registers
T0DFC 7242:688.411    -- End of restoring
T0DFC 7242:688.465    -- Bank 0 @ 0x00000000: 1 range affected (7680 bytes)
T0DFC 7242:688.500    -- Total: 0.212s (Prepare: 0.039s, Compare: 0.041s, Erase: 0.004s, Program & Verify: 0.109s, Restore: 0.018s)
T0DFC 7242:688.520    -- Program & Verify speed: 68 KiB/s
T0DFC 7242:694.596 - 219.735ms returns 7680 (0x1E00)
T0DFC 7242:694.671 JLINK_SetResetType(JLINKARM_CM3_RESET_TYPE_NORMAL)
T0DFC 7242:694.681 - 0.012ms returns JLINKARM_CM3_RESET_TYPE_NORMAL
T0DFC 7242:694.689 JLINK_Reset()
T0DFC 7242:694.719   CPU_ReadMem(4 bytes @ 0x20000000)
T0DFC 7242:695.000   CPU_WriteMem(4 bytes @ 0x20000000)
T0DFC 7242:695.487   ResetTarget() start
T0DFC 7242:695.510    J-Link Script File: Executing ResetTarget()
T0DFC 7242:695.528   CPU_ReadMem(4 bytes @ 0xE000EDFC)
T0DFC 7242:695.893   CPU_WriteMem(4 bytes @ 0xE000EDFC)
T0DFC 7242:696.193   CPU_WriteMem(4 bytes @ 0xE000ED0C)
T0DFC 7242:697.861   CPU_ReadMem(4 bytes @ 0xE000EDF0)
T0DFC 7242:698.227   CPU_ReadMem(4 bytes @ 0x41002100)
T0DFC 7242:698.641   CPU_WriteMem(4 bytes @ 0xE000EDFC)
T0DFC 7242:699.211   ResetTarget() end
T0DFC 7242:701.579   CPU_WriteMem(4 bytes @ 0xE0002000)
T0DFC 7242:701.882   CPU_ReadMem(4 bytes @ 0xE000EDFC)
T0DFC 7242:702.197   CPU_ReadMem(4 bytes @ 0xE0001000)
T0DFC 7242:702.485   CPU_WriteMem(4 bytes @ 0xE0001000)
T0DFC 7242:702.738 - 8.055ms
T75AC 7242:811.758 JLINK_Halt()
T75AC 7242:811.792 - 0.040ms returns 0x00
T75AC 7242:811.825 JLINK_ReadReg(R15 (PC))
T75AC 7242:811.841 - 0.023ms returns 0x0000060C
T75AC 7242:811.863 JLINK_ReadReg(R13 (SP))
T75AC 7242:811.880 - 0.023ms returns 0x20007C00
T75AC 7242:820.790 JLINK_ReadMemHW(0x0000060C, 0x0004 Bytes, ...)
T75AC 7242:820.828   CPU_ReadMem(4 bytes @ 0x0000060C)
T75AC 7242:821.273   Data:  10 B5 16 4A
T75AC 7242:821.303 - 0.520ms returns 0
T75AC 7242:821.843 JLINK_ReadReg(R0)
T75AC 7242:821.874 - 0.036ms returns 0x40001000
T75AC 7242:821.896 JLINK_ReadReg(R1)
T75AC 7242:821.908 - 0.017ms returns 0x00000000
T75AC 7242:821.924 JLINK_ReadReg(R2)
T75AC 7242:821.937 - 0.018ms returns 0x00000000
T75AC 7242:821.955 JLINK_ReadReg(R3)
T75AC 7242:821.968 - 0.018ms returns 0x00001C00
T75AC 7242:821.984 JLINK_ReadReg(R4)
T75AC 7242:821.995 - 0.016ms returns 0x20000694
T75AC 7242:822.012 JLINK_ReadReg(R5)
T75AC 7242:822.024 - 0.017ms returns 0x200006EC
T75AC 7242:822.040 JLINK_ReadReg(R6)
T75AC 7242:822.055 - 0.020ms returns 0x200006EC
T75AC 7242:822.071 JLINK_ReadReg(R7)
T75AC 7242:822.083 - 0.017ms returns 0x7D6FB7FF
T75AC 7242:822.099 JLINK_ReadReg(R8)
T75AC 7242:822.111 - 0.017ms returns 0xFEE2DEC7
T75AC 7242:822.128 JLINK_ReadReg(R9)
T75AC 7242:822.140 - 0.017ms returns 0xFDFB77B7
T75AC 7242:822.156 JLINK_ReadReg(R10)
T75AC 7242:822.169 - 0.018ms returns 0xFB9F6FFD
T75AC 7242:822.185 JLINK_ReadReg(R11)
T75AC 7242:822.196 - 0.017ms returns 0xF5EFFEEF
T75AC 7242:822.213 JLINK_ReadReg(R12)
T75AC 7242:822.224 - 0.016ms returns 0x20000618
T75AC 7242:822.241 JLINK_ReadReg(R13 (SP))
T75AC 7242:822.253 - 0.018ms returns 0x20007C00
T75AC 7242:822.270 JLINK_ReadReg(R14)
T75AC 7242:822.282 - 0.017ms returns 0x20000341
T75AC 7242:822.298 JLINK_ReadReg(R15 (PC))
T75AC 7242:822.313 - 0.021ms returns 0x0000060C
T75AC 7242:822.344 JLINK_ReadReg(XPSR)
T75AC 7242:822.356 - 0.017ms returns 0x61000000
T75AC 7242:822.372 JLINK_ReadReg(MSP)
T75AC 7242:822.384 - 0.017ms returns 0x20007C00
T75AC 7242:822.400 JLINK_ReadReg(PSP)
T75AC 7242:822.412 - 0.017ms returns 0xE1FEFFDC
T75AC 7242:822.428 JLINK_ReadReg(PRIMASK)
T75AC 7242:822.440 - 0.017ms returns 0x00000000
T75AC 7242:822.457 JLINK_ReadReg(BASEPRI)
T75AC 7242:822.468 - 0.016ms returns 0x00000000
T75AC 7242:822.485 JLINK_ReadReg(FAULTMASK)
T75AC 7242:822.497 - 0.017ms returns 0x00000000
T75AC 7242:822.513 JLINK_ReadReg(CONTROL)
T75AC 7242:822.533 - 0.025ms returns 0x00000000
T75AC 7242:823.063 JLINK_ReadMemHW(0x0000060C, 0x0002 Bytes, ...)
T75AC 7242:823.105   CPU_ReadMem(2 bytes @ 0x0000060C)
T75AC 7242:823.500   Data:  10 B5
T75AC 7242:823.531 - 0.474ms returns 0
T75AC 7242:851.522 JLINK_ReadReg(R0)
T75AC 7242:851.548 - 0.030ms returns 0x40001000
T75AC 7242:851.561 JLINK_ReadReg(R1)
T75AC 7242:851.568 - 0.011ms returns 0x00000000
T75AC 7242:851.579 JLINK_ReadReg(R2)
T75AC 7242:851.586 - 0.010ms returns 0x00000000
T75AC 7242:851.596 JLINK_ReadReg(R3)
T75AC 7242:851.603 - 0.010ms returns 0x00001C00
T75AC 7242:851.613 JLINK_ReadReg(R4)
T75AC 7242:851.621 - 0.010ms returns 0x20000694
T75AC 7242:851.631 JLINK_ReadReg(R5)
T75AC 7242:851.638 - 0.010ms returns 0x200006EC
T75AC 7242:851.648 JLINK_ReadReg(R6)
T75AC 7242:851.655 - 0.010ms returns 0x200006EC
T75AC 7242:851.665 JLINK_ReadReg(R7)
T75AC 7242:851.672 - 0.010ms returns 0x7D6FB7FF
T75AC 7242:851.682 JLINK_ReadReg(R8)
T75AC 7242:851.689 - 0.010ms returns 0xFEE2DEC7
T75AC 7242:851.698 JLINK_ReadReg(R9)
T75AC 7242:851.705 - 0.010ms returns 0xFDFB77B7
T75AC 7242:851.717 JLINK_ReadReg(R10)
T75AC 7242:851.724 - 0.010ms returns 0xFB9F6FFD
T75AC 7242:851.734 JLINK_ReadReg(R11)
T75AC 7242:851.741 - 0.010ms returns 0xF5EFFEEF
T75AC 7242:851.751 JLINK_ReadReg(R12)
T75AC 7242:851.758 - 0.010ms returns 0x20000618
T75AC 7242:851.768 JLINK_ReadReg(R13 (SP))
T75AC 7242:851.775 - 0.010ms returns 0x20007C00
T75AC 7242:851.785 JLINK_ReadReg(R14)
T75AC 7242:851.792 - 0.010ms returns 0x20000341
T75AC 7242:851.802 JLINK_ReadReg(R15 (PC))
T75AC 7242:851.809 - 0.010ms returns 0x0000060C
T75AC 7242:851.829 JLINK_ReadReg(XPSR)
T75AC 7242:851.837 - 0.010ms returns 0x61000000
T75AC 7242:851.846 JLINK_ReadReg(MSP)
T75AC 7242:851.854 - 0.010ms returns 0x20007C00
T75AC 7242:851.864 JLINK_ReadReg(PSP)
T75AC 7242:851.871 - 0.010ms returns 0xE1FEFFDC
T75AC 7242:851.881 JLINK_ReadReg(PRIMASK)
T75AC 7242:851.888 - 0.010ms returns 0x00000000
T75AC 7242:851.898 JLINK_ReadReg(BASEPRI)
T75AC 7242:851.905 - 0.010ms returns 0x00000000
T75AC 7242:851.915 JLINK_ReadReg(FAULTMASK)
T75AC 7242:851.922 - 0.010ms returns 0x00000000
T75AC 7242:851.932 JLINK_ReadReg(CONTROL)
T75AC 7242:851.939 - 0.010ms returns 0x00000000
T75AC 7242:857.472 JLINK_ReadMemHW(0x0000060C, 0x0004 Bytes, ...)
T75AC 7242:857.495   CPU_ReadMem(4 bytes @ 0x0000060C)
T75AC 7242:857.904   Data:  10 B5 16 4A
T75AC 7242:857.922 - 0.453ms returns 0
T2EDC 7242:872.181 JLINK_IsHalted()
T2EDC 7242:872.197 - 0.019ms returns TRUE
T75AC 7242:885.629 JLINK_ReadMemHW(0x00000682, 0x0002 Bytes, ...)
T75AC 7242:885.671   CPU_ReadMem(2 bytes @ 0x00000682)
T75AC 7242:886.004   Data:  3E 4A
T75AC 7242:886.022 - 0.396ms returns 0
T75AC 7242:886.306 JLINK_ReadMemHW(0x0000077C, 0x0004 Bytes, ...)
T75AC 7242:886.326   CPU_ReadMem(4 bytes @ 0x0000077C)
T75AC 7242:886.757   Data:  00 44 00 41
T75AC 7242:886.775 - 0.472ms returns 0
T75AC 7242:887.430 JLINK_ReadMemHW(0x000006F6, 0x0002 Bytes, ...)
T75AC 7242:887.451   CPU_ReadMem(2 bytes @ 0x000006F6)
T75AC 7242:887.836   Data:  FF F7
T75AC 7242:887.854 - 0.427ms returns 0
T0DFC 7242:894.900 JLINK_GetNumBPUnits(Type = 0xFFFFFF02)
T0DFC 7242:894.914 - 0.016ms returns 0x04
T0DFC 7242:894.922 JLINK_SetBPEx(Addr = 0x000006F6, Type = 0xFFFFFFF2)
T0DFC 7242:894.931 - 0.011ms returns 0x00000001
T0DFC 7242:894.938 JLINK_GetBPInfo(BPHandle = 1)
T0DFC 7242:894.944 - 0.008ms returns 0x0
T75AC 7242:916.669 JLINK_ReadMemHW(0x00000682, 0x0002 Bytes, ...)
T75AC 7242:916.702   CPU_ReadMem(2 bytes @ 0x00000682)
T75AC 7242:917.163   Data:  3E 4A
T75AC 7242:917.184 - 0.518ms returns 0
T75AC 7242:917.439 JLINK_ReadMemHW(0x0000077C, 0x0004 Bytes, ...)
T75AC 7242:917.455   CPU_ReadMem(4 bytes @ 0x0000077C)
T75AC 7242:917.906   Data:  00 44 00 41
T75AC 7242:917.923 - 0.486ms returns 0
T75AC 7242:918.229 JLINK_ReadMemHW(0x000006F6, 0x0002 Bytes, ...)
T75AC 7242:918.251   CPU_ReadMem(2 bytes @ 0x000006F6)
T75AC 7242:918.655   Data:  FF F7
T75AC 7242:918.672 - 0.446ms returns 0
T75AC 7242:947.999 JLINK_ReadMemHW(0x00000682, 0x0002 Bytes, ...)
T75AC 7242:948.052   CPU_ReadMem(2 bytes @ 0x00000682)
T75AC 7242:948.402   Data:  3E 4A
T75AC 7242:948.421 - 0.426ms returns 0
T75AC 7242:948.744 JLINK_ReadMemHW(0x0000077C, 0x0004 Bytes, ...)
T75AC 7242:948.780   CPU_ReadMem(4 bytes @ 0x0000077C)
T75AC 7242:949.270   Data:  00 44 00 41
T75AC 7242:949.288 - 0.548ms returns 0
T75AC 7242:949.675 JLINK_ReadMemHW(0x000006DA, 0x0002 Bytes, ...)
T75AC 7242:949.693   CPU_ReadMem(2 bytes @ 0x000006DA)
T75AC 7242:950.046   Data:  00 2B
T75AC 7242:950.064 - 0.392ms returns 0
T0DFC 7242:951.901 JLINK_SetBPEx(Addr = 0x000006DA, Type = 0xFFFFFFF2)
T0DFC 7242:951.920 - 0.023ms returns 0x00000002
T0DFC 7242:951.930 JLINK_GetBPInfo(BPHandle = 2)
T0DFC 7242:951.937 - 0.010ms returns 0x0
T75AC 7242:964.223 JLINK_SetResetType(JLINKARM_CM3_RESET_TYPE_NORMAL)
T75AC 7242:964.246 - 0.028ms returns JLINKARM_CM3_RESET_TYPE_NORMAL
T75AC 7242:964.262 JLINK_Reset()
T75AC 7242:964.301   ResetTarget() start
T75AC 7242:964.315    J-Link Script File: Executing ResetTarget()
T75AC 7242:964.331   CPU_ReadMem(4 bytes @ 0xE000EDFC)
T75AC 7242:964.781   CPU_WriteMem(4 bytes @ 0xE000EDFC)
T75AC 7242:965.123   CPU_WriteMem(4 bytes @ 0xE000ED0C)
T75AC 7242:966.873   CPU_ReadMem(4 bytes @ 0xE000EDF0)
T75AC 7242:967.249   CPU_ReadMem(4 bytes @ 0x41002100)
T75AC 7242:967.760   CPU_WriteMem(4 bytes @ 0xE000EDFC)
T75AC 7242:968.145   ResetTarget() end
T75AC 7242:970.787   CPU_WriteMem(4 bytes @ 0xE0002000)
T75AC 7242:971.128   CPU_ReadMem(4 bytes @ 0xE000EDFC)
T75AC 7242:971.505   CPU_ReadMem(4 bytes @ 0xE0001000)
T75AC 7242:971.867   CPU_WriteMem(4 bytes @ 0xE0001000)
T75AC 7242:972.305 - 8.049ms
T2EDC 7242:972.365 JLINK_IsHalted()
T2EDC 7242:972.379 - 0.017ms returns TRUE
T2EDC 7242:972.388 JLINK_GetMOEs(...)
T2EDC 7242:972.397   CPU_ReadMem(4 bytes @ 0xE000ED30)
T2EDC 7242:972.713 - 0.330ms returns 0x01
T2EDC 7242:972.739 JLINK_ReadReg(R15 (PC))
T2EDC 7242:972.747 - 0.011ms returns 0x0000060C
T75AC 7242:982.872 JLINK_ReadReg(R15 (PC))
T75AC 7242:982.907 - 0.038ms returns 0x0000060C
T75AC 7242:982.920 JLINK_ReadReg(R13 (SP))
T75AC 7242:982.927 - 0.010ms returns 0x20007C00
T75AC 7242:983.247 JLINK_ReadMemHW(0x0000060C, 0x0004 Bytes, ...)
T75AC 7242:983.270   CPU_ReadMem(4 bytes @ 0x0000060C)
T75AC 7242:983.654   Data:  10 B5 16 4A
T75AC 7242:983.672 - 0.428ms returns 0
T75AC 7243:057.064 JLINK_ReadMemHW(0x00000680, 0x0001 Bytes, ...)
T75AC 7243:057.147   CPU_ReadMem(1 bytes @ 0x00000680)
T75AC 7243:057.764   Data:  70
T75AC 7243:057.851 - 0.805ms returns 0
T75AC 7243:103.805 JLINK_ReadReg(R15 (PC))
T75AC 7243:103.883 - 0.096ms returns 0x0000060C
T75AC 7243:104.193 JLINK_SetBPEx(Addr = 0x00000680, Type = 0xFFFFFFF2)
T75AC 7243:104.238 - 0.057ms returns 0x00000003
T75AC 7243:104.267 JLINK_GetBPInfo(BPHandle = 3)
T75AC 7243:104.288 - 0.032ms returns 0x0
T75AC 7243:104.655 JLINK_Go()
T75AC 7243:104.735   CPU_WriteMem(4 bytes @ 0xE0002000)
T75AC 7243:105.241   CPU_WriteMem(4 bytes @ 0xE0002000)
T75AC 7243:105.748   CPU_WriteMem(4 bytes @ 0xE0002000)
T75AC 7243:106.307   CPU_ReadMem(4 bytes @ 0xE0001000)
T75AC 7243:106.852   CPU_WriteMem(4 bytes @ 0xE000ED30)
T75AC 7243:107.510   CPU_WriteMem(4 bytes @ 0xE0001000)
T75AC 7243:107.550   CPU_WriteMem(4 bytes @ 0xE0002008)
T75AC 7243:107.572   CPU_WriteMem(4 bytes @ 0xE000200C)
T75AC 7243:107.592   CPU_WriteMem(4 bytes @ 0xE0002010)
T75AC 7243:107.612   CPU_WriteMem(4 bytes @ 0xE0002014)
T75AC 7243:108.591   CPU_WriteMem(4 bytes @ 0xE0001004)
T75AC 7243:109.821 - 5.185ms
T2EDC 7243:109.900 JLINK_IsHalted()
T2EDC 7243:110.342   CPU_ReadMem(4 bytes @ 0x41002100)
T2EDC 7243:110.874 - 0.985ms returns FALSE
T2EDC 7243:130.257 JLINK_IsHalted()
T2EDC 7243:133.024 - 2.787ms returns TRUE
T2EDC 7243:133.056 JLINK_GetMOEs(...)
T2EDC 7243:133.072   CPU_ReadMem(4 bytes @ 0xE000ED30)
T2EDC 7243:133.551 - 0.506ms returns 0x01
T2EDC 7243:133.572 JLINK_ReadReg(R15 (PC))
T2EDC 7243:133.582 - 0.013ms returns 0x00000680
T75AC 7243:140.714 JLINK_ReadReg(R15 (PC))
T75AC 7243:140.767 - 0.057ms returns 0x00000680
T75AC 7243:140.781 JLINK_ReadReg(R13 (SP))
T75AC 7243:140.789 - 0.011ms returns 0x20007BF8
T75AC 7243:141.249 JLINK_ReadMemHW(0x00000680, 0x0004 Bytes, ...)
T75AC 7243:141.274   CPU_ReadMem(4 bytes @ 0x00000680)
T75AC 7243:141.698   Data:  70 B5 3E 4A
T75AC 7243:141.716 - 0.469ms returns 0
T75AC 7243:180.919 JLINK_WriteU32_64(0xE000EDFC, 0x01000000)
T75AC 7243:180.951   Debug reg: DEMCR
T75AC 7243:181.373   CPU_WriteMem(4 bytes @ 0xE000EDFC)
T75AC 7243:181.795 - 0.888ms returns 0 (0x00000000)
T75AC 7243:181.819 JLINK_ReadMem(0xE0001000, 0x4 Bytes, ...)
T75AC 7243:181.834   CPU_ReadMem(4 bytes @ 0xE0001000)
T75AC 7243:182.282   Data:  00 00 00 20
T75AC 7243:182.304   Debug reg: DWT_CTRL
T75AC 7243:182.315 - 0.499ms returns 0
T75AC 7243:182.374 JLINK_WriteU32_64(0xE0001000, 0x20000001)
T75AC 7243:182.386   Debug reg: DWT_CTRL
T75AC 7243:182.409 - 0.039ms returns 0 (0x00000000)
T75AC 7243:182.431 JLINK_WriteU32_64(0xE0001028, 0x00000100)
T75AC 7243:182.441   Debug reg: DWT_FUNC[0]
T75AC 7243:182.457 - 0.033ms returns 0 (0x00000000)
T75AC 7243:182.477 JLINK_ReadMem(0xE0001028, 0x4 Bytes, ...)
T75AC 7243:182.496   CPU_WriteMem(4 bytes @ 0xE0001028)
T75AC 7243:182.890   CPU_ReadMem(4 bytes @ 0xE0001028)
T75AC 7243:183.369   Data:  00 00 00 00
T75AC 7243:183.390   Debug reg: DWT_FUNC[0]
T75AC 7243:183.402 - 0.928ms returns 0
T75AC 7243:183.455 JLINK_WriteU32_64(0xE0001024, 0x0000001F)
T75AC 7243:183.466   Debug reg: DWT_MASK[0]
T75AC 7243:183.483 - 0.032ms returns 0 (0x00000000)
T75AC 7243:183.494 JLINK_ReadMem(0xE0001024, 0x4 Bytes, ...)
T75AC 7243:183.505   CPU_WriteMem(4 bytes @ 0xE0001024)
T75AC 7243:183.875   CPU_ReadMem(4 bytes @ 0xE0001024)
T75AC 7243:184.302   Data:  1F 00 00 00
T75AC 7243:184.325   Debug reg: DWT_MASK[0]
T75AC 7243:184.336 - 0.846ms returns 0
T75AC 7243:184.388 JLINK_WriteU32_64(0xE0001038, 0x00000100)
T75AC 7243:184.399   Debug reg: DWT_FUNC[1]
T75AC 7243:184.416 - 0.031ms returns 0 (0x00000000)
T75AC 7243:184.426 JLINK_ReadMem(0xE0001038, 0x4 Bytes, ...)
T75AC 7243:184.438   CPU_WriteMem(4 bytes @ 0xE0001038)
T75AC 7243:184.703   CPU_ReadMem(4 bytes @ 0xE0001038)
T75AC 7243:185.135   Data:  00 00 00 00
T75AC 7243:185.150   Debug reg: DWT_FUNC[1]
T75AC 7243:185.159 - 0.735ms returns 0
T75AC 7243:185.197 JLINK_WriteU32_64(0xE0001034, 0x0000001F)
T75AC 7243:185.206   Debug reg: DWT_MASK[1]
T75AC 7243:185.220 - 0.026ms returns 0 (0x00000000)
T75AC 7243:185.229 JLINK_ReadMem(0xE0001034, 0x4 Bytes, ...)
T75AC 7243:185.239   CPU_WriteMem(4 bytes @ 0xE0001034)
T75AC 7243:185.639   CPU_ReadMem(4 bytes @ 0xE0001034)
T75AC 7243:186.049   Data:  1F 00 00 00
T75AC 7243:186.067   Debug reg: DWT_MASK[1]
T75AC 7243:186.076 - 0.849ms returns 0
T75AC 7243:186.120 JLINK_WriteU32_64(0xE0001020, 0x00000000)
T75AC 7243:186.130   Debug reg: DWT_COMP[0]
T75AC 7243:186.143 - 0.026ms returns 0 (0x00000000)
T75AC 7243:186.160 JLINK_WriteU32_64(0xE0001024, 0x00000000)
T75AC 7243:186.168   Debug reg: DWT_MASK[0]
T75AC 7243:186.179 - 0.022ms returns 0 (0x00000000)
T75AC 7243:186.197 JLINK_WriteU32_64(0xE0001028, 0x00000000)
T75AC 7243:186.205   Debug reg: DWT_FUNC[0]
T75AC 7243:186.217 - 0.023ms returns 0 (0x00000000)
T75AC 7243:186.233 JLINK_WriteU32_64(0xE0001030, 0x00000000)
T75AC 7243:186.240   Debug reg: DWT_COMP[1]
T75AC 7243:186.251 - 0.022ms returns 0 (0x00000000)
T75AC 7243:186.269 JLINK_WriteU32_64(0xE0001034, 0x00000000)
T75AC 7243:186.281   Debug reg: DWT_MASK[1]
T75AC 7243:186.297 - 0.032ms returns 0 (0x00000000)
T75AC 7243:186.333 JLINK_WriteU32_64(0xE0001038, 0x00000000)
T75AC 7243:186.343   Debug reg: DWT_FUNC[1]
T75AC 7243:186.355 - 0.026ms returns 0 (0x00000000)
T75AC 7243:186.366 JLINK_GetBPInfo(BPHandle = 3)
T75AC 7243:186.373 - 0.010ms returns 0x0
T75AC 7243:186.381 JLINK_ClrBPEx(BPHandle = 0x00000003)
T75AC 7243:186.388 - 0.010ms returns 0x00
T75AC 7243:186.416 JLINK_ReadReg(R15 (PC))
T75AC 7243:186.424 - 0.011ms returns 0x00000680
T75AC 7243:186.561 JLINK_Go()
T75AC 7243:186.656   CPU_WriteMem(4 bytes @ 0xE0002000)
T75AC 7243:186.976   CPU_WriteMem(4 bytes @ 0xE0002000)
T75AC 7243:187.241   CPU_WriteMem(4 bytes @ 0xE0001000)
T75AC 7243:187.697   CPU_ReadMem(4 bytes @ 0xE0001000)
T75AC 7243:187.998   CPU_WriteMem(4 bytes @ 0xE000ED30)
T75AC 7243:188.309   CPU_WriteMem(4 bytes @ 0xE0001000)
T75AC 7243:188.323   CPU_WriteMem(4 bytes @ 0xE0001020)
T75AC 7243:188.332   CPU_WriteMem(4 bytes @ 0xE0001030)
T75AC 7243:188.341   CPU_WriteMem(4 bytes @ 0xE0001024)
T75AC 7243:188.351   CPU_WriteMem(4 bytes @ 0xE0001034)
T75AC 7243:188.360   CPU_WriteMem(4 bytes @ 0xE0001028)
T75AC 7243:188.369   CPU_WriteMem(4 bytes @ 0xE0001038)
T75AC 7243:188.378   CPU_WriteMem(4 bytes @ 0xE0002010)
T75AC 7243:189.821 - 3.268ms
T2EDC 7243:189.846 JLINK_IsHalted()
T2EDC 7243:190.197   CPU_ReadMem(4 bytes @ 0x41002100)
T2EDC 7243:190.513 - 0.673ms returns FALSE
T2EDC 7243:231.259 JLINK_IsHalted()
T2EDC 7243:231.896   CPU_ReadMem(4 bytes @ 0x41002100)
T2EDC 7243:232.414 - 1.177ms returns FALSE
T2EDC 7243:392.732 JLINK_IsHalted()
T2EDC 7243:393.682   CPU_ReadMem(4 bytes @ 0x41002100)
T2EDC 7243:394.505 - 1.831ms returns FALSE
T2EDC 7243:594.729 JLINK_IsHalted()
T2EDC 7243:595.564   CPU_ReadMem(4 bytes @ 0x41002100)
T2EDC 7243:596.371 - 1.691ms returns FALSE
T2EDC 7243:797.810 JLINK_IsHalted()
T2EDC 7243:798.782   CPU_ReadMem(4 bytes @ 0x41002100)
T2EDC 7243:799.673 - 1.914ms returns FALSE
T2EDC 7244:000.389 JLINK_IsHalted()
T2EDC 7244:001.383   CPU_ReadMem(4 bytes @ 0x41002100)
T2EDC 7244:002.364 - 2.025ms returns FALSE
T2EDC 7244:203.811 JLINK_IsHalted()
T2EDC 7244:204.836   CPU_ReadMem(4 bytes @ 0x41002100)
T2EDC 7244:205.764 - 2.001ms returns FALSE
T2EDC 7244:408.646 JLINK_IsHalted()
T2EDC 7244:409.559   CPU_ReadMem(4 bytes @ 0x41002100)
T2EDC 7244:410.459 - 1.861ms returns FALSE
T2EDC 7244:612.399 JLINK_IsHalted()
T2EDC 7244:613.449   CPU_ReadMem(4 bytes @ 0x41002100)
T2EDC 7244:614.386 - 2.049ms returns FALSE
T2EDC 7244:815.837 JLINK_IsHalted()
T2EDC 7244:816.648   CPU_ReadMem(4 bytes @ 0x41002100)
T2EDC 7244:817.396 - 1.616ms returns FALSE
T2EDC 7245:018.830 JLINK_IsHalted()
T2EDC 7245:019.762   CPU_ReadMem(4 bytes @ 0x41002100)
T2EDC 7245:020.551 - 1.776ms returns FALSE
T2EDC 7245:221.067 JLINK_IsHalted()
T2EDC 7245:221.976   CPU_ReadMem(4 bytes @ 0x41002100)
T2EDC 7245:222.909 - 1.886ms returns FALSE
T2EDC 7245:426.243 JLINK_IsHalted()
T2EDC 7245:427.113   CPU_ReadMem(4 bytes @ 0x41002100)
T2EDC 7245:427.861 - 1.668ms returns FALSE
T2EDC 7245:627.604 JLINK_IsHalted()
T2EDC 7245:628.636   CPU_ReadMem(4 bytes @ 0x41002100)
T2EDC 7245:629.508 - 1.962ms returns FALSE
T2EDC 7245:831.034 JLINK_IsHalted()
T2EDC 7245:831.989   CPU_ReadMem(4 bytes @ 0x41002100)
T2EDC 7245:832.854 - 1.873ms returns FALSE
T2EDC 7246:034.433 JLINK_IsHalted()
T2EDC 7246:035.435   CPU_ReadMem(4 bytes @ 0x41002100)
T2EDC 7246:036.196 - 1.812ms returns FALSE
T2EDC 7246:240.283 JLINK_IsHalted()
T2EDC 7246:241.453   CPU_ReadMem(4 bytes @ 0x41002100)
T2EDC 7246:242.262 - 2.030ms returns FALSE
T2EDC 7246:442.972 JLINK_IsHalted()
T2EDC 7246:443.918   CPU_ReadMem(4 bytes @ 0x41002100)
T2EDC 7246:444.681 - 1.756ms returns FALSE
T2EDC 7246:646.256 JLINK_IsHalted()
T2EDC 7246:647.366   CPU_ReadMem(4 bytes @ 0x41002100)
T2EDC 7246:648.177 - 1.982ms returns FALSE
T2EDC 7246:848.345 JLINK_IsHalted()
T2EDC 7246:849.280   CPU_ReadMem(4 bytes @ 0x41002100)
T2EDC 7246:850.009 - 1.729ms returns FALSE
T2EDC 7247:052.010 JLINK_IsHalted()
T2EDC 7247:052.854   CPU_ReadMem(4 bytes @ 0x41002100)
T2EDC 7247:053.558 - 1.600ms returns FALSE
T2EDC 7247:255.003 JLINK_IsHalted()
T2EDC 7247:255.859   CPU_ReadMem(4 bytes @ 0x41002100)
T2EDC 7247:256.649 - 1.705ms returns FALSE
T2EDC 7247:457.265 JLINK_IsHalted()
T2EDC 7247:458.121   CPU_ReadMem(4 bytes @ 0x41002100)
T2EDC 7247:458.864 - 1.656ms returns FALSE
T2EDC 7247:660.954 JLINK_IsHalted()
T2EDC 7247:662.002   CPU_ReadMem(4 bytes @ 0x41002100)
T2EDC 7247:662.803 - 1.901ms returns FALSE
T2EDC 7247:862.303 JLINK_IsHalted()
T2EDC 7247:863.325   CPU_ReadMem(4 bytes @ 0x41002100)
T2EDC 7247:864.323 - 2.069ms returns FALSE
T2EDC 7248:064.513 JLINK_IsHalted()
T2EDC 7248:065.544   CPU_ReadMem(4 bytes @ 0x41002100)
T2EDC 7248:066.275 - 1.820ms returns FALSE
T2EDC 7248:266.348 JLINK_IsHalted()
T2EDC 7248:267.370   CPU_ReadMem(4 bytes @ 0x41002100)
T2EDC 7248:268.258 - 1.959ms returns FALSE
T2EDC 7248:468.976 JLINK_IsHalted()
T2EDC 7248:469.756   CPU_ReadMem(4 bytes @ 0x41002100)
T2EDC 7248:470.334 - 1.389ms returns FALSE
T2EDC 7248:671.119 JLINK_IsHalted()
T2EDC 7248:672.200   CPU_ReadMem(4 bytes @ 0x41002100)
T2EDC 7248:672.882 - 1.812ms returns FALSE
T2EDC 7248:875.256 JLINK_IsHalted()
T2EDC 7248:876.267   CPU_ReadMem(4 bytes @ 0x41002100)
T2EDC 7248:877.143 - 1.943ms returns FALSE
T2EDC 7249:077.523 JLINK_IsHalted()
T2EDC 7249:078.633   CPU_ReadMem(4 bytes @ 0x41002100)
T2EDC 7249:079.489 - 2.017ms returns FALSE
T2EDC 7249:280.317 JLINK_IsHalted()
T2EDC 7249:281.342   CPU_ReadMem(4 bytes @ 0x41002100)
T2EDC 7249:282.198 - 1.931ms returns FALSE
T2EDC 7249:482.966 JLINK_IsHalted()
T2EDC 7249:483.789   CPU_ReadMem(4 bytes @ 0x41002100)
T2EDC 7249:484.576 - 1.665ms returns FALSE
T2EDC 7249:684.314 JLINK_IsHalted()
T2EDC 7249:685.190   CPU_ReadMem(4 bytes @ 0x41002100)
T2EDC 7249:685.952 - 1.690ms returns FALSE
T2EDC 7249:887.404 JLINK_IsHalted()
T2EDC 7249:888.385   CPU_ReadMem(4 bytes @ 0x41002100)
T2EDC 7249:889.223 - 1.869ms returns FALSE
T2EDC 7250:092.652 JLINK_IsHalted()
T2EDC 7250:093.648   CPU_ReadMem(4 bytes @ 0x41002100)
T2EDC 7250:094.530 - 1.938ms returns FALSE
T2EDC 7250:294.963 JLINK_IsHalted()
T2EDC 7250:296.023   CPU_ReadMem(4 bytes @ 0x41002100)
T2EDC 7250:297.044 - 2.131ms returns FALSE
T2EDC 7250:497.199 JLINK_IsHalted()
T2EDC 7250:498.089   CPU_ReadMem(4 bytes @ 0x41002100)
T2EDC 7250:498.808 - 1.655ms returns FALSE
T2EDC 7250:699.114 JLINK_IsHalted()
T2EDC 7250:700.057   CPU_ReadMem(4 bytes @ 0x41002100)
T2EDC 7250:700.897 - 1.843ms returns FALSE
T2EDC 7250:901.546 JLINK_IsHalted()
T2EDC 7250:902.484   CPU_ReadMem(4 bytes @ 0x41002100)
T2EDC 7250:903.256 - 1.760ms returns FALSE
T2EDC 7251:102.734 JLINK_IsHalted()
T2EDC 7251:103.341   CPU_ReadMem(4 bytes @ 0x41002100)
T2EDC 7251:103.890 - 1.204ms returns FALSE
T2EDC 7251:304.897 JLINK_IsHalted()
T2EDC 7251:305.876   CPU_ReadMem(4 bytes @ 0x41002100)
T2EDC 7251:306.575 - 1.727ms returns FALSE
T2EDC 7251:510.190 JLINK_IsHalted()
T2EDC 7251:510.943   CPU_ReadMem(4 bytes @ 0x41002100)
T2EDC 7251:511.594 - 1.449ms returns FALSE
T2EDC 7251:712.664 JLINK_IsHalted()
T2EDC 7251:713.618   CPU_ReadMem(4 bytes @ 0x41002100)
T2EDC 7251:714.418 - 1.804ms returns FALSE
T2EDC 7251:919.000 JLINK_IsHalted()
T2EDC 7251:920.007   CPU_ReadMem(4 bytes @ 0x41002100)
T2EDC 7251:920.836 - 1.895ms returns FALSE
T2EDC 7252:123.424 JLINK_IsHalted()
T2EDC 7252:124.282   CPU_ReadMem(4 bytes @ 0x41002100)
T2EDC 7252:125.154 - 1.779ms returns FALSE
T2EDC 7252:328.317 JLINK_IsHalted()
T2EDC 7252:329.415   CPU_ReadMem(4 bytes @ 0x41002100)
T2EDC 7252:330.301 - 2.034ms returns FALSE
T2EDC 7252:531.164 JLINK_IsHalted()
T2EDC 7252:532.071   CPU_ReadMem(4 bytes @ 0x41002100)
T2EDC 7252:532.999 - 1.892ms returns FALSE
T2EDC 7252:733.381 JLINK_IsHalted()
T2EDC 7252:734.464   CPU_ReadMem(4 bytes @ 0x41002100)
T2EDC 7252:735.388 - 2.056ms returns FALSE
T2EDC 7252:936.573 JLINK_IsHalted()
T2EDC 7252:937.612   CPU_ReadMem(4 bytes @ 0x41002100)
T2EDC 7252:938.443 - 1.921ms returns FALSE
T2EDC 7253:143.776 JLINK_IsHalted()
T2EDC 7253:144.635   CPU_ReadMem(4 bytes @ 0x41002100)
T2EDC 7253:145.413 - 1.666ms returns FALSE
T2EDC 7253:347.508 JLINK_IsHalted()
T2EDC 7253:348.269   CPU_ReadMem(4 bytes @ 0x41002100)
T2EDC 7253:348.889 - 1.407ms returns FALSE
T2EDC 7253:551.109 JLINK_IsHalted()
T2EDC 7253:551.768   CPU_ReadMem(4 bytes @ 0x41002100)
T2EDC 7253:552.304 - 1.218ms returns FALSE
T2EDC 7253:754.372 JLINK_IsHalted()
T2EDC 7253:755.004   CPU_ReadMem(4 bytes @ 0x41002100)
T2EDC 7253:755.573 - 1.230ms returns FALSE
T2EDC 7253:958.465 JLINK_IsHalted()
T2EDC 7253:959.066   CPU_ReadMem(4 bytes @ 0x41002100)
T2EDC 7253:959.647 - 1.210ms returns FALSE
T2EDC 7254:159.465 JLINK_IsHalted()
T2EDC 7254:160.419   CPU_ReadMem(4 bytes @ 0x41002100)
T2EDC 7254:161.274 - 1.864ms returns FALSE
T2EDC 7254:361.970 JLINK_IsHalted()
T2EDC 7254:362.860   CPU_ReadMem(4 bytes @ 0x41002100)
T2EDC 7254:363.662 - 1.742ms returns FALSE
T2EDC 7254:564.571 JLINK_IsHalted()
T2EDC 7254:565.259   CPU_ReadMem(4 bytes @ 0x41002100)
T2EDC 7254:565.985 - 1.448ms returns FALSE
T2EDC 7254:766.234 JLINK_IsHalted()
T2EDC 7254:767.049   CPU_ReadMem(4 bytes @ 0x41002100)
T2EDC 7254:767.626 - 1.424ms returns FALSE
T2EDC 7254:968.176 JLINK_IsHalted()
T2EDC 7254:969.162   CPU_ReadMem(4 bytes @ 0x41002100)
T2EDC 7254:969.983 - 1.858ms returns FALSE
T2EDC 7255:170.614 JLINK_IsHalted()
T2EDC 7255:171.625   CPU_ReadMem(4 bytes @ 0x41002100)
T2EDC 7255:172.523 - 1.961ms returns FALSE
T2EDC 7255:373.324 JLINK_IsHalted()
T2EDC 7255:374.283   CPU_ReadMem(4 bytes @ 0x41002100)
T2EDC 7255:375.154 - 1.886ms returns FALSE
T2EDC 7255:577.838 JLINK_IsHalted()
T2EDC 7255:578.674   CPU_ReadMem(4 bytes @ 0x41002100)
T2EDC 7255:579.513 - 1.729ms returns FALSE
T75AC 7255:655.951 JLINK_Halt()
T75AC 7255:658.673 - 2.739ms returns 0x00
T0DFC 7255:759.224 JLINK_GetBPInfo(BPHandle = 1)
T0DFC 7255:759.334 - 0.136ms returns 0x0
T0DFC 7255:759.397 JLINK_ClrBPEx(BPHandle = 0x00000001)
T0DFC 7255:759.467 - 0.096ms returns 0x00
T0DFC 7255:759.784 JLINK_GetBPInfo(BPHandle = 2)
T0DFC 7255:759.850 - 0.090ms returns 0x0
T0DFC 7255:759.906 JLINK_ClrBPEx(BPHandle = 0x00000002)
T0DFC 7255:759.963 - 0.080ms returns 0x00
T2EDC 7255:780.446 JLINK_IsHalted()
T2EDC 7255:780.583 - 0.158ms returns TRUE
T2EDC 7255:780.636 JLINK_GetMOEs(...)
T2EDC 7255:780.688   CPU_ReadMem(4 bytes @ 0xE000ED30)
T2EDC 7255:781.663 - 1.095ms returns 0x01
T2EDC 7255:781.776 JLINK_ReadReg(R15 (PC))
T2EDC 7255:781.821 - 0.059ms returns 0x000006B8
T0DFC 7255:784.489 JLINK_ResetPullsRESET(ON)
T0DFC 7255:784.554 - 0.079ms
T0DFC 7255:784.591 JLINK_ResetNoHalt()
T0DFC 7255:785.466   InitTarget() start
T0DFC 7255:785.576    J-Link Script File: Executing InitTarget()
T0DFC 7255:785.668   InitTarget()
T0DFC 7255:791.034   InitTarget() end
T0DFC 7255:792.474   Found SW-DP with ID 0x0BC11477
T0DFC 7255:796.889   DPIDR: 0x0BC11477
T0DFC 7255:797.061   AP map detection skipped. Manually configured AP map found.
T0DFC 7255:797.143   AP[0]: AHB-AP (IDR: Not set)
T0DFC 7255:798.434   AP[0]: Core found
T0DFC 7255:798.550   AP[0]: AHB-AP ROM base: 0x41003000
T0DFC 7255:799.358   CPUID register: 0x410CC601. Implementer code: 0x41 (ARM)
T0DFC 7255:799.481   Found Cortex-M0 r0p1, Little endian.
T0DFC 7255:900.957   -- Max. mem block: 0x0002F520
T0DFC 7255:901.077   CPU_ReadMem(4 bytes @ 0xE000EDF0)
T0DFC 7255:901.942   CPU_ReadMem(4 bytes @ 0xE0002000)
T0DFC 7255:903.038   FPUnit: 4 code (BP) slots and 0 literal slots
T0DFC 7255:903.150   CPU_ReadMem(4 bytes @ 0xE0001000)
T0DFC 7255:904.139   CoreSight components:
T0DFC 7255:904.255   ROMTbl[0] @ 41003000
T0DFC 7255:904.308   CPU_ReadMem(64 bytes @ 0x41003000)
T0DFC 7255:905.544   CPU_ReadMem(32 bytes @ 0xE00FFFE0)
T0DFC 7255:906.635   ROMTbl[0][0]: E00FF000, CID: B105100D, PID: 000BB4C0 ROM Table
T0DFC 7255:906.748   ROMTbl[1] @ E00FF000
T0DFC 7255:906.801   CPU_ReadMem(64 bytes @ 0xE00FF000)
T0DFC 7255:907.818   CPU_ReadMem(32 bytes @ 0xE000EFE0)
T0DFC 7255:908.810   ROMTbl[1][0]: E000E000, CID: B105E00D, PID: 000BB008 SCS
T0DFC 7255:908.893   CPU_WriteMem(4 bytes @ 0xE0001000)
T0DFC 7255:909.725   CPU_ReadMem(32 bytes @ 0xE0001FE0)
T0DFC 7255:910.891   ROMTbl[1][1]: E0001000, CID: B105E00D, PID: 000BB00A DWT
T0DFC 7255:910.977   CPU_ReadMem(32 bytes @ 0xE0002FE0)
T0DFC 7255:912.028   ROMTbl[1][2]: E0002000, CID: B105E00D, PID: 000BB00B FPB
T0DFC 7255:912.112   CPU_ReadMem(32 bytes @ 0x41006FE0)
T0DFC 7255:913.027   ROMTbl[0][1]: 41006000, CID: B105900D, PID: 001BB932 MTB-M0+
T0DFC 7255:913.131   JLINK_Reset()
T0DFC 7255:913.218     ResetTarget() start
T0DFC 7255:913.285      J-Link Script File: Executing ResetTarget()
T0DFC 7255:913.338     CPU_ReadMem(4 bytes @ 0xE000EDFC)
T0DFC 7255:913.890     CPU_WriteMem(4 bytes @ 0xE000EDFC)
T0DFC 7255:914.589     CPU_WriteMem(4 bytes @ 0xE000ED0C)
T0DFC 7255:917.098     CPU_ReadMem(4 bytes @ 0xE000EDF0)
T0DFC 7255:918.059     CPU_ReadMem(4 bytes @ 0x41002100)
T0DFC 7255:919.060     CPU_WriteMem(4 bytes @ 0xE000EDFC)
T0DFC 7255:920.231     ResetTarget() end
T0DFC 7255:923.981     CPU_WriteMem(4 bytes @ 0xE0002000)
T0DFC 7255:924.717     CPU_ReadMem(4 bytes @ 0xE000EDFC)
T0DFC 7255:925.623     CPU_ReadMem(4 bytes @ 0xE0001000)
T0DFC 7255:926.551     CPU_WriteMem(4 bytes @ 0xE0001000)
T0DFC 7255:927.458   - 14.377ms
T0DFC 7255:927.540   JLINK_Go()
T0DFC 7255:927.603     CPU_ReadMem(4 bytes @ 0xE0001000)
T0DFC 7255:928.425     CPU_WriteMem(4 bytes @ 0xE0001000)
T0DFC 7255:928.515     CPU_WriteMem(4 bytes @ 0xE0002008)
T0DFC 7255:928.557     CPU_WriteMem(4 bytes @ 0xE000200C)
T0DFC 7255:928.598     CPU_WriteMem(4 bytes @ 0xE0002010)
T0DFC 7255:928.640     CPU_WriteMem(4 bytes @ 0xE0002014)
T0DFC 7255:930.302     CPU_WriteMem(4 bytes @ 0xE0001004)
T0DFC 7255:932.327   - 4.847ms
T0DFC 7255:932.407 - 147.831ms
T0DFC 7255:938.720 JLINK_Close()
T0DFC 7255:939.949   CPU is running
T0DFC 7255:940.091   CPU_WriteMem(4 bytes @ 0xE0002008)
T0DFC 7255:941.150   CPU is running
T0DFC 7255:941.237   CPU_WriteMem(4 bytes @ 0xE000200C)
T0DFC 7255:942.031   CPU is running
T0DFC 7255:942.114   CPU_WriteMem(4 bytes @ 0xE0002010)
T0DFC 7255:942.948   CPU is running
T0DFC 7255:943.033   CPU_WriteMem(4 bytes @ 0xE0002014)
T0DFC 7255:961.169 - 22.490ms
T0DFC 7255:961.215   
T0DFC 7255:961.221   Closed
